<?xml version="1.0" encoding="UTF-8"?>
<!-- Generated by org.testng.reporters.JUnitReportReporter -->
<testsuite hostname="Macs-MacBook-Pro.local" failures="0" tests="1" name="StepDefinition.TestRunner" time="0.011" errors="0" timestamp="2022-12-17T18:19:36 IST" skipped="0">
  <testcase classname="StepDefinition.TestRunner" name="abc" time="0.011"/>
  <system-out/>
</testsuite> <!-- StepDefinition.TestRunner -->
